

Started GET "/" for 127.0.0.1 at 2014-11-24 11:03:09 -0300
Processing by Rails::WelcomeController#index as HTML
  Rendered /home/kuronote/.rbenv/versions/2.1.3/lib/ruby/gems/2.1.0/gems/railties-4.1.8/lib/rails/templates/rails/welcome/index.html.erb (7.8ms)
Completed 200 OK in 100ms (Views: 32.4ms | ActiveRecord: 0.0ms)


Started GET "/" for 127.0.0.1 at 2014-11-26 20:53:28 -0300
Processing by Rails::WelcomeController#index as HTML
  Rendered /home/kuronote/.rbenv/versions/2.1.3/lib/ruby/gems/2.1.0/gems/railties-4.1.8/lib/rails/templates/rails/welcome/index.html.erb (8.8ms)
Completed 200 OK in 119ms (Views: 61.7ms | ActiveRecord: 0.0ms)


Started GET "/" for 127.0.0.1 at 2014-11-27 00:29:36 -0300
Processing by Rails::WelcomeController#index as HTML
  Rendered /home/kuronote/.rbenv/versions/2.1.3/lib/ruby/gems/2.1.0/gems/railties-4.1.8/lib/rails/templates/rails/welcome/index.html.erb (9.1ms)
Completed 200 OK in 97ms (Views: 29.0ms | ActiveRecord: 0.0ms)


Started GET "/" for 127.0.0.1 at 2014-11-27 00:47:22 -0300
Processing by Rails::WelcomeController#index as HTML
  Rendered /home/kuronote/.rbenv/versions/2.1.3/lib/ruby/gems/2.1.0/gems/railties-4.1.8/lib/rails/templates/rails/welcome/index.html.erb (4.9ms)
Completed 200 OK in 83ms (Views: 31.4ms | ActiveRecord: 0.0ms)


Started GET "/" for 127.0.0.1 at 2014-11-27 08:54:15 -0300
Processing by Rails::WelcomeController#index as HTML
  Rendered /home/kuronote/.rbenv/versions/2.1.3/lib/ruby/gems/2.1.0/gems/railties-4.1.8/lib/rails/templates/rails/welcome/index.html.erb (5.8ms)
Completed 200 OK in 165ms (Views: 85.1ms | ActiveRecord: 0.0ms)


Started GET "/" for 127.0.0.1 at 2014-12-04 08:34:41 -0300

PG::ConnectionBad (FATAL:  password authentication failed for user "postgres"
FATAL:  password authentication failed for user "postgres"
):
  activerecord (4.1.8) lib/active_record/connection_adapters/postgresql_adapter.rb:888:in `initialize'
  activerecord (4.1.8) lib/active_record/connection_adapters/postgresql_adapter.rb:888:in `new'
  activerecord (4.1.8) lib/active_record/connection_adapters/postgresql_adapter.rb:888:in `connect'
  activerecord (4.1.8) lib/active_record/connection_adapters/postgresql_adapter.rb:568:in `initialize'
  activerecord (4.1.8) lib/active_record/connection_adapters/postgresql_adapter.rb:41:in `new'
  activerecord (4.1.8) lib/active_record/connection_adapters/postgresql_adapter.rb:41:in `postgresql_connection'
  activerecord (4.1.8) lib/active_record/connection_adapters/abstract/connection_pool.rb:435:in `new_connection'
  activerecord (4.1.8) lib/active_record/connection_adapters/abstract/connection_pool.rb:445:in `checkout_new_connection'
  activerecord (4.1.8) lib/active_record/connection_adapters/abstract/connection_pool.rb:416:in `acquire_connection'
  activerecord (4.1.8) lib/active_record/connection_adapters/abstract/connection_pool.rb:351:in `block in checkout'
  /home/kuronote/.rbenv/versions/2.1.3/lib/ruby/2.1.0/monitor.rb:211:in `mon_synchronize'
  activerecord (4.1.8) lib/active_record/connection_adapters/abstract/connection_pool.rb:350:in `checkout'
  activerecord (4.1.8) lib/active_record/connection_adapters/abstract/connection_pool.rb:265:in `block in connection'
  /home/kuronote/.rbenv/versions/2.1.3/lib/ruby/2.1.0/monitor.rb:211:in `mon_synchronize'
  activerecord (4.1.8) lib/active_record/connection_adapters/abstract/connection_pool.rb:264:in `connection'
  activerecord (4.1.8) lib/active_record/connection_adapters/abstract/connection_pool.rb:541:in `retrieve_connection'
  activerecord (4.1.8) lib/active_record/connection_handling.rb:113:in `retrieve_connection'
  activerecord (4.1.8) lib/active_record/connection_handling.rb:87:in `connection'
  activerecord (4.1.8) lib/active_record/query_cache.rb:51:in `restore_query_cache_settings'
  activerecord (4.1.8) lib/active_record/query_cache.rb:43:in `rescue in call'
  activerecord (4.1.8) lib/active_record/query_cache.rb:32:in `call'
  activerecord (4.1.8) lib/active_record/connection_adapters/abstract/connection_pool.rb:621:in `call'
  activerecord (4.1.8) lib/active_record/migration.rb:380:in `call'
  actionpack (4.1.8) lib/action_dispatch/middleware/callbacks.rb:29:in `block in call'
  activesupport (4.1.8) lib/active_support/callbacks.rb:82:in `run_callbacks'
  actionpack (4.1.8) lib/action_dispatch/middleware/callbacks.rb:27:in `call'
  actionpack (4.1.8) lib/action_dispatch/middleware/reloader.rb:73:in `call'
  actionpack (4.1.8) lib/action_dispatch/middleware/remote_ip.rb:76:in `call'
  actionpack (4.1.8) lib/action_dispatch/middleware/debug_exceptions.rb:17:in `call'
  actionpack (4.1.8) lib/action_dispatch/middleware/show_exceptions.rb:30:in `call'
  railties (4.1.8) lib/rails/rack/logger.rb:38:in `call_app'
  railties (4.1.8) lib/rails/rack/logger.rb:20:in `block in call'
  activesupport (4.1.8) lib/active_support/tagged_logging.rb:68:in `block in tagged'
  activesupport (4.1.8) lib/active_support/tagged_logging.rb:26:in `tagged'
  activesupport (4.1.8) lib/active_support/tagged_logging.rb:68:in `tagged'
  railties (4.1.8) lib/rails/rack/logger.rb:20:in `call'
  actionpack (4.1.8) lib/action_dispatch/middleware/request_id.rb:21:in `call'
  rack (1.5.2) lib/rack/methodoverride.rb:21:in `call'
  rack (1.5.2) lib/rack/runtime.rb:17:in `call'
  activesupport (4.1.8) lib/active_support/cache/strategy/local_cache_middleware.rb:26:in `call'
  rack (1.5.2) lib/rack/lock.rb:17:in `call'
  actionpack (4.1.8) lib/action_dispatch/middleware/static.rb:84:in `call'
  rack (1.5.2) lib/rack/sendfile.rb:112:in `call'
  railties (4.1.8) lib/rails/engine.rb:514:in `call'
  railties (4.1.8) lib/rails/application.rb:144:in `call'
  rack (1.5.2) lib/rack/lock.rb:17:in `call'
  rack (1.5.2) lib/rack/content_length.rb:14:in `call'
  rack (1.5.2) lib/rack/handler/webrick.rb:60:in `service'
  /home/kuronote/.rbenv/versions/2.1.3/lib/ruby/2.1.0/webrick/httpserver.rb:138:in `service'
  /home/kuronote/.rbenv/versions/2.1.3/lib/ruby/2.1.0/webrick/httpserver.rb:94:in `run'
  /home/kuronote/.rbenv/versions/2.1.3/lib/ruby/2.1.0/webrick/server.rb:295:in `block in start_thread'


  Rendered /home/kuronote/.rbenv/versions/2.1.3/lib/ruby/gems/2.1.0/gems/actionpack-4.1.8/lib/action_dispatch/middleware/templates/rescues/_source.erb (1.6ms)
  Rendered /home/kuronote/.rbenv/versions/2.1.3/lib/ruby/gems/2.1.0/gems/actionpack-4.1.8/lib/action_dispatch/middleware/templates/rescues/_trace.html.erb (3.0ms)
  Rendered /home/kuronote/.rbenv/versions/2.1.3/lib/ruby/gems/2.1.0/gems/actionpack-4.1.8/lib/action_dispatch/middleware/templates/rescues/_request_and_response.html.erb (2.5ms)
  Rendered /home/kuronote/.rbenv/versions/2.1.3/lib/ruby/gems/2.1.0/gems/actionpack-4.1.8/lib/action_dispatch/middleware/templates/rescues/diagnostics.erb within rescues/layout (117.3ms)


Started GET "/" for 127.0.0.1 at 2014-12-04 08:35:34 -0300
Processing by Rails::WelcomeController#index as HTML
  Rendered /home/kuronote/.rbenv/versions/2.1.3/lib/ruby/gems/2.1.0/gems/railties-4.1.8/lib/rails/templates/rails/welcome/index.html.erb (3.5ms)
Completed 200 OK in 208ms (Views: 96.8ms | ActiveRecord: 0.0ms)


Started GET "/" for 127.0.0.1 at 2014-12-04 08:37:09 -0300
Processing by WelcomeController#index as HTML
Completed 500 Internal Server Error in 72ms

LoadError (cannot load such file -- twitter):
  app/controllers/welcome_controller.rb:4:in `index'


  Rendered /home/kuronote/.rbenv/versions/2.1.3/lib/ruby/gems/2.1.0/gems/actionpack-4.1.8/lib/action_dispatch/middleware/templates/rescues/_source.erb (1.8ms)
  Rendered /home/kuronote/.rbenv/versions/2.1.3/lib/ruby/gems/2.1.0/gems/actionpack-4.1.8/lib/action_dispatch/middleware/templates/rescues/_trace.html.erb (10.3ms)
  Rendered /home/kuronote/.rbenv/versions/2.1.3/lib/ruby/gems/2.1.0/gems/actionpack-4.1.8/lib/action_dispatch/middleware/templates/rescues/_request_and_response.html.erb (16.8ms)
  Rendered /home/kuronote/.rbenv/versions/2.1.3/lib/ruby/gems/2.1.0/gems/actionpack-4.1.8/lib/action_dispatch/middleware/templates/rescues/diagnostics.erb within rescues/layout (95.4ms)


Started GET "/" for 127.0.0.1 at 2014-12-04 08:44:57 -0300
Processing by WelcomeController#index as HTML
Completed 500 Internal Server Error in 71ms

LoadError (cannot load such file -- twitter):
  app/controllers/welcome_controller.rb:4:in `index'


  Rendered /home/kuronote/.rbenv/versions/2.1.3/lib/ruby/gems/2.1.0/gems/actionpack-4.1.8/lib/action_dispatch/middleware/templates/rescues/_source.erb (1.6ms)
  Rendered /home/kuronote/.rbenv/versions/2.1.3/lib/ruby/gems/2.1.0/gems/actionpack-4.1.8/lib/action_dispatch/middleware/templates/rescues/_trace.html.erb (14.3ms)
  Rendered /home/kuronote/.rbenv/versions/2.1.3/lib/ruby/gems/2.1.0/gems/actionpack-4.1.8/lib/action_dispatch/middleware/templates/rescues/_request_and_response.html.erb (16.4ms)
  Rendered /home/kuronote/.rbenv/versions/2.1.3/lib/ruby/gems/2.1.0/gems/actionpack-4.1.8/lib/action_dispatch/middleware/templates/rescues/diagnostics.erb within rescues/layout (93.9ms)


Started GET "/" for 127.0.0.1 at 2014-12-04 09:00:15 -0300
Processing by WelcomeController#index as HTML
Completed 500 Internal Server Error in 83ms

NameError (undefined local variable or method `svmHMBBvtf5WSz8Jvu54Ouy23' for #<WelcomeController:0xb9f6c264>):
  app/controllers/welcome_controller.rb:6:in `block in index'
  app/controllers/welcome_controller.rb:5:in `new'
  app/controllers/welcome_controller.rb:5:in `index'


  Rendered /home/kuronote/.rbenv/versions/2.1.3/lib/ruby/gems/2.1.0/gems/actionpack-4.1.8/lib/action_dispatch/middleware/templates/rescues/_source.erb (5.2ms)
  Rendered /home/kuronote/.rbenv/versions/2.1.3/lib/ruby/gems/2.1.0/gems/actionpack-4.1.8/lib/action_dispatch/middleware/templates/rescues/_trace.html.erb (3.3ms)
  Rendered /home/kuronote/.rbenv/versions/2.1.3/lib/ruby/gems/2.1.0/gems/actionpack-4.1.8/lib/action_dispatch/middleware/templates/rescues/_request_and_response.html.erb (10.8ms)
  Rendered /home/kuronote/.rbenv/versions/2.1.3/lib/ruby/gems/2.1.0/gems/actionpack-4.1.8/lib/action_dispatch/middleware/templates/rescues/diagnostics.erb within rescues/layout (119.8ms)


Started GET "/" for 127.0.0.1 at 2014-12-04 09:01:26 -0300
Processing by WelcomeController#index as HTML
  Rendered welcome/index.html.erb within layouts/application (16.0ms)
Completed 200 OK in 273635ms (Views: 4958.4ms | ActiveRecord: 0.0ms)


Started GET "/assets/welcome.css?body=1" for 127.0.0.1 at 2014-12-04 09:06:01 -0300


Started GET "/assets/application.css?body=1" for 127.0.0.1 at 2014-12-04 09:06:01 -0300


Started GET "/assets/jquery.js?body=1" for 127.0.0.1 at 2014-12-04 09:06:01 -0300


Started GET "/assets/jquery_ujs.js?body=1" for 127.0.0.1 at 2014-12-04 09:06:01 -0300


Started GET "/assets/turbolinks.js?body=1" for 127.0.0.1 at 2014-12-04 09:06:01 -0300


Started GET "/assets/welcome.js?body=1" for 127.0.0.1 at 2014-12-04 09:06:01 -0300


Started GET "/assets/application.js?body=1" for 127.0.0.1 at 2014-12-04 09:06:01 -0300
